Using Model M3=alexnet
Model: "sequential_1"
_________________________________________________________________
Layer (type)                 Output Shape              Param #   
=================================================================
conv1d_1 (Conv1D)            (None, 16000, 96)         384       
_________________________________________________________________
batch_normalization_1 (Batch (None, 16000, 96)         384       
_________________________________________________________________
activation_1 (Activation)    (None, 16000, 96)         0         
_________________________________________________________________
max_pooling1d_1 (MaxPooling1 (None, 8000, 96)          0         
_________________________________________________________________
dropout_1 (Dropout)          (None, 8000, 96)          0         
_________________________________________________________________
conv1d_2 (Conv1D)            (None, 4000, 256)         73984     
_________________________________________________________________
batch_normalization_2 (Batch (None, 4000, 256)         1024      
_________________________________________________________________
activation_2 (Activation)    (None, 4000, 256)         0         
_________________________________________________________________
max_pooling1d_2 (MaxPooling1 (None, 1000, 256)         0         
_________________________________________________________________
dropout_2 (Dropout)          (None, 1000, 256)         0         
_________________________________________________________________
conv1d_3 (Conv1D)            (None, 1000, 384)         295296    
_________________________________________________________________
batch_normalization_3 (Batch (None, 1000, 384)         1536      
_________________________________________________________________
activation_3 (Activation)    (None, 1000, 384)         0         
_________________________________________________________________
max_pooling1d_3 (MaxPooling1 (None, 250, 384)          0         
_________________________________________________________________
dropout_3 (Dropout)          (None, 250, 384)          0         
_________________________________________________________________
conv1d_4 (Conv1D)            (None, 250, 384)          442752    
_________________________________________________________________
batch_normalization_4 (Batch (None, 250, 384)          1536      
_________________________________________________________________
activation_4 (Activation)    (None, 250, 384)          0         
_________________________________________________________________
max_pooling1d_4 (MaxPooling1 (None, 62, 384)           0         
_________________________________________________________________
dropout_4 (Dropout)          (None, 62, 384)           0         
_________________________________________________________________
conv1d_5 (Conv1D)            (None, 62, 256)           295168    
_________________________________________________________________
batch_normalization_5 (Batch (None, 62, 256)           1024      
_________________________________________________________________
activation_5 (Activation)    (None, 62, 256)           0         
_________________________________________________________________
max_pooling1d_5 (MaxPooling1 (None, 15, 256)           0         
_________________________________________________________________
dropout_5 (Dropout)          (None, 15, 256)           0         
_________________________________________________________________
flatten_1 (Flatten)          (None, 3840)              0         
_________________________________________________________________
dense_1 (Dense)              (None, 4096)              15732736  
_________________________________________________________________
dense_2 (Dense)              (None, 4096)              16781312  
_________________________________________________________________
dense_3 (Dense)              (None, 7)                 28679     
=================================================================
Total params: 33,655,815
Trainable params: 33,653,063
Non-trainable params: 2,752
_________________________________________________________________
None
training files = 6289
testing files = 725
Train on 6289 samples, validate on 725 samples
Epoch 1/5
 - 18s - loss: 3.1044 - accuracy: 0.4433 - val_loss: 2.9112 - val_accuracy: 0.2207
[[160   0   0   0   0   0   0]
 [ 70   0   0   0   0   0   0]
 [204   1   0   0   0   0   0]
 [139   1   0   0   0   0   0]
 [ 70   0   0   0   0   0   0]
 [ 30   0   0   0   0   0   0]
 [ 50   0   0   0   0   0   0]]
              precision    recall  f1-score   support

      breath       0.22      1.00      0.36       160
       cough       0.00      0.00      0.00        70
      crying       0.00      0.00      0.00       205
       laugh       0.00      0.00      0.00       140
   screaming       0.00      0.00      0.00        70
      sneeze       0.00      0.00      0.00        30
        yawn       0.00      0.00      0.00        50

    accuracy                           0.22       725
   macro avg       0.03      0.14      0.05       725
weighted avg       0.05      0.22      0.08       725

Epoch 2/5
 - 15s - loss: 1.1992 - accuracy: 0.5397 - val_loss: 1.9068 - val_accuracy: 0.1655
[[ 42 104  14   0   0   0   0]
 [  4  66   0   0   0   0   0]
 [ 77 116  12   0   0   0   0]
 [  0 139   1   0   0   0   0]
 [ 16  52   2   0   0   0   0]
 [  0  30   0   0   0   0   0]
 [ 10  33   7   0   0   0   0]]
              precision    recall  f1-score   support

      breath       0.28      0.26      0.27       160
       cough       0.12      0.94      0.22        70
      crying       0.33      0.06      0.10       205
       laugh       0.00      0.00      0.00       140
   screaming       0.00      0.00      0.00        70
      sneeze       0.00      0.00      0.00        30
        yawn       0.00      0.00      0.00        50

    accuracy                           0.17       725
   macro avg       0.11      0.18      0.08       725
weighted avg       0.17      0.17      0.11       725

Epoch 3/5
 - 15s - loss: 1.0621 - accuracy: 0.5898 - val_loss: 2.3884 - val_accuracy: 0.2276
[[155   1   0   0   0   0   4]
 [ 27   8   0   0   0   0  35]
 [136   8   1   0   0   0  60]
 [ 31  18   0   0   0   0  91]
 [ 70   0   0   0   0   0   0]
 [ 14   0   0   0   0   0  16]
 [ 49   0   0   0   0   0   1]]
              precision    recall  f1-score   support

      breath       0.32      0.97      0.48       160
       cough       0.23      0.11      0.15        70
      crying       1.00      0.00      0.01       205
       laugh       0.00      0.00      0.00       140
   screaming       0.00      0.00      0.00        70
      sneeze       0.00      0.00      0.00        30
        yawn       0.00      0.02      0.01        50

    accuracy                           0.23       725
   macro avg       0.22      0.16      0.09       725
weighted avg       0.38      0.23      0.12       725

Epoch 4/5
 - 15s - loss: 0.9666 - accuracy: 0.6238 - val_loss: 2.0798 - val_accuracy: 0.2814
[[122   4   0   0   0   0  34]
 [  5  53   0   0   0   0  12]
 [ 83  80   0   0   0   0  42]
 [ 10 116   1   0   0   0  13]
 [ 33   1   0   0   0   0  36]
 [  0  19   0   0   0   0  11]
 [ 16   5   0   0   0   0  29]]
              precision    recall  f1-score   support

      breath       0.45      0.76      0.57       160
       cough       0.19      0.76      0.30        70
      crying       0.00      0.00      0.00       205
       laugh       0.00      0.00      0.00       140
   screaming       0.00      0.00      0.00        70
      sneeze       0.00      0.00      0.00        30
        yawn       0.16      0.58      0.26        50

    accuracy                           0.28       725
   macro avg       0.12      0.30      0.16       725
weighted avg       0.13      0.28      0.17       725

Epoch 5/5
 - 15s - loss: 0.8718 - accuracy: 0.6750 - val_loss: 2.0927 - val_accuracy: 0.3103
[[144   4   0   0   0   0  12]
 [  8  24   0   0   0  26  12]
 [ 90  46  14   0   0  30  25]
 [  8  57   2   0   0  64   9]
 [ 50   0   0   0   0   1  19]
 [  1   1   0   0   0  16  12]
 [ 17   2   0   0   0   4  27]]
              precision    recall  f1-score   support

      breath       0.45      0.90      0.60       160
       cough       0.18      0.34      0.24        70
      crying       0.88      0.07      0.13       205
       laugh       0.00      0.00      0.00       140
   screaming       0.00      0.00      0.00        70
      sneeze       0.11      0.53      0.19        30
        yawn       0.23      0.54      0.33        50

    accuracy                           0.31       725
   macro avg       0.26      0.34      0.21       725
weighted avg       0.39      0.31      0.22       725

Training took: 81 seconds
Model: "sequential_1"
_________________________________________________________________
Layer (type)                 Output Shape              Param #   
=================================================================
conv1d_1 (Conv1D)            (None, 16000, 96)         384       
_________________________________________________________________
batch_normalization_1 (Batch (None, 16000, 96)         384       
_________________________________________________________________
activation_1 (Activation)    (None, 16000, 96)         0         
_________________________________________________________________
max_pooling1d_1 (MaxPooling1 (None, 8000, 96)          0         
_________________________________________________________________
dropout_1 (Dropout)          (None, 8000, 96)          0         
_________________________________________________________________
conv1d_2 (Conv1D)            (None, 4000, 256)         73984     
_________________________________________________________________
batch_normalization_2 (Batch (None, 4000, 256)         1024      
_________________________________________________________________
activation_2 (Activation)    (None, 4000, 256)         0         
_________________________________________________________________
max_pooling1d_2 (MaxPooling1 (None, 1000, 256)         0         
_________________________________________________________________
dropout_2 (Dropout)          (None, 1000, 256)         0         
_________________________________________________________________
conv1d_3 (Conv1D)            (None, 1000, 384)         295296    
_________________________________________________________________
batch_normalization_3 (Batch (None, 1000, 384)         1536      
_________________________________________________________________
activation_3 (Activation)    (None, 1000, 384)         0         
_________________________________________________________________
max_pooling1d_3 (MaxPooling1 (None, 250, 384)          0         
_________________________________________________________________
dropout_3 (Dropout)          (None, 250, 384)          0         
_________________________________________________________________
conv1d_4 (Conv1D)            (None, 250, 384)          442752    
_________________________________________________________________
batch_normalization_4 (Batch (None, 250, 384)          1536      
_________________________________________________________________
activation_4 (Activation)    (None, 250, 384)          0         
_________________________________________________________________
max_pooling1d_4 (MaxPooling1 (None, 62, 384)           0         
_________________________________________________________________
dropout_4 (Dropout)          (None, 62, 384)           0         
_________________________________________________________________
conv1d_5 (Conv1D)            (None, 62, 256)           295168    
_________________________________________________________________
batch_normalization_5 (Batch (None, 62, 256)           1024      
_________________________________________________________________
activation_5 (Activation)    (None, 62, 256)           0         
_________________________________________________________________
max_pooling1d_5 (MaxPooling1 (None, 15, 256)           0         
_________________________________________________________________
dropout_5 (Dropout)          (None, 15, 256)           0         
_________________________________________________________________
flatten_1 (Flatten)          (None, 3840)              0         
_________________________________________________________________
dense_1 (Dense)              (None, 4096)              15732736  
_________________________________________________________________
dense_2 (Dense)              (None, 4096)              16781312  
_________________________________________________________________
dense_3 (Dense)              (None, 7)                 28679     
=================================================================
Total params: 33,655,815
Trainable params: 33,653,063
Non-trainable params: 2,752
_________________________________________________________________
None
